<?xml version="1.0" encoding="UTF-8"?>
<!-- Generated by org.testng.reporters.JUnitXMLReporter -->
<testsuite ignored="2" hostname="Dharanidhar-PC" failures="0" tests="0" time="0.013" errors="0" timestamp="2025-05-18T15:52:39 IST">
  <testcase classname="Nova.test.ErrorValidation" name="LoginErrorDetails" time="0.0">
    <ignored/>
  </testcase> <!-- LoginErrorDetails -->
  <testcase classname="Nova.test.ErrorValidation" name="ProductErrorDetails" time="0.0">
    <ignored/>
  </testcase> <!-- ProductErrorDetails -->
</testsuite>
