<?xml version="1.0" encoding="UTF-8"?>
<!-- Generated by org.testng.reporters.JUnitXMLReporter -->
<testsuite ignored="1" hostname="Dharanidhar-PC" failures="1" tests="1" name="SubmitOrder" time="0.066" errors="0" timestamp="2025-05-18T15:52:39 IST">
  <testcase classname="Nova.test.StandAloneTest" name="SubmitOrder" time="0.019">
    <failure type="java.lang.NullPointerException" message="Cannot invoke &amp;quot;Nova.PageObjects.LandingPage.LoginDetails(String, String)&amp;quot; because &amp;quot;this.landingpage&amp;quot; is null">
      <![CDATA[java.lang.NullPointerException: Cannot invoke "Nova.PageObjects.LandingPage.LoginDetails(String, String)" because "this.landingpage" is null
at Nova.test.StandAloneTest.SubmitOrder(StandAloneTest.java:32)
at java.base/java.util.ArrayList.forEach(ArrayList.java:1596)
... Removed 25 stack frames]]>
    </failure>
  </testcase> <!-- SubmitOrder -->
  <testcase classname="Nova.test.StandAloneTest" name="OrderDetails" time="0.0">
    <ignored/>
  </testcase> <!-- OrderDetails -->
</testsuite> <!-- SubmitOrder -->
