<?xml version="1.0" encoding="UTF-8"?>
<!-- Generated by org.testng.reporters.JUnitXMLReporter -->
<testsuite ignored="0" hostname="Dharanidhar-PC" failures="1" tests="6" name="Test" time="26.504" errors="0" timestamp="2025-05-18T18:09:35 IST">
  <testcase classname="Nova.test.ErrorValidation" name="LoginErrorDetails" time="0.401">
    <skipped/>
  </testcase> <!-- LoginErrorDetails -->
  <testcase classname="Nova.test.ErrorValidation" name="LoginErrorDetails" time="0.374">
    <failure type="java.lang.AssertionError" message="expected [Incorrect email or password.1] but found [Incorrect email or password.]">
      <![CDATA[java.lang.AssertionError: expected [Incorrect email or password.1] but found [Incorrect email or password.]
at Nova.test.ErrorValidation.LoginErrorDetails(ErrorValidation.java:35)
at java.base/java.util.ArrayList.forEach(ArrayList.java:1596)
... Removed 31 stack frames]]>
    </failure>
  </testcase> <!-- LoginErrorDetails -->
  <testcase classname="Nova.test.ErrorValidation" name="ProductErrorDetails" time="2.962"/>
  <testcase classname="Nova.test.StandAloneTest" name="SubmitOrder" time="3.885"/>
  <testcase classname="Nova.test.StandAloneTest" name="SubmitOrder" time="3.814"/>
  <testcase classname="Nova.test.StandAloneTest" name="OrderDetails" time="0.663"/>
</testsuite> <!-- Test -->
