<?xml version="1.0" encoding="UTF-8"?>
<!-- Generated by org.testng.reporters.JUnitXMLReporter -->
<testsuite ignored="3" hostname="Dharanidhar-PC" failures="0" tests="2" name="Test" time="11.933" errors="0" timestamp="2025-05-18T16:39:37 IST">
  <testcase classname="Nova.test.StandAloneTest" name="SubmitOrder" time="4.213"/>
  <testcase classname="Nova.test.StandAloneTest" name="SubmitOrder" time="4.029"/>
  <testcase classname="Nova.test.ErrorValidation" name="LoginErrorDetails" time="0.0">
    <ignored/>
  </testcase> <!-- LoginErrorDetails -->
  <testcase classname="Nova.test.ErrorValidation" name="ProductErrorDetails" time="0.0">
    <ignored/>
  </testcase> <!-- ProductErrorDetails -->
  <testcase classname="Nova.test.StandAloneTest" name="OrderDetails" time="0.0">
    <ignored/>
  </testcase> <!-- OrderDetails -->
</testsuite> <!-- Test -->
