<?xml version="1.0" encoding="UTF-8"?>
<!-- Generated by org.testng.reporters.JUnitXMLReporter -->
<testsuite ignored="0" hostname="Dharanidhar-PC" failures="0" tests="5" name="Test" time="24.472" errors="0" timestamp="2025-05-18T18:17:59 IST">
  <testcase classname="Nova.test.ErrorValidation" name="LoginErrorDetails" time="0.524"/>
  <testcase classname="Nova.test.ErrorValidation" name="ProductErrorDetails" time="3.208"/>
  <testcase classname="Nova.test.StandAloneTest" name="SubmitOrder" time="4.256"/>
  <testcase classname="Nova.test.StandAloneTest" name="SubmitOrder" time="4.159"/>
  <testcase classname="Nova.test.StandAloneTest" name="OrderDetails" time="0.82"/>
</testsuite> <!-- Test -->
