<?xml version="1.0" encoding="UTF-8"?>
<testng-results ignored="0" total="5" passed="5" failed="0" skipped="0">
  <reporter-output>
  </reporter-output>
  <suite started-at="2025-05-18T18:17:34 IST" name="Suite" finished-at="2025-05-18T18:17:58 IST" duration-ms="24472">
    <groups>
      <group name="Purchase">
        <method signature="StandAloneTest.SubmitOrder(java.util.HashMap)[pri:0, instance:Nova.test.StandAloneTest@50378a4]" name="SubmitOrder" class="Nova.test.StandAloneTest"/>
      </group> <!-- Purchase -->
    </groups>
    <test started-at="2025-05-18T18:17:34 IST" name="Test" finished-at="2025-05-18T18:17:58 IST" duration-ms="24472">
      <class name="Nova.test.ErrorValidation">
        <test-method is-config="true" signature="LaunchDriver()[pri:0, instance:Nova.test.ErrorValidation@7bd7d6d6]" started-at="2025-05-18T18:17:34 IST" name="LaunchDriver" finished-at="2025-05-18T18:17:37 IST" duration-ms="3314" status="PASS">
          <reporter-output>
          </reporter-output>
        </test-method> <!-- LaunchDriver -->
        <test-method signature="LoginErrorDetails()[pri:0, instance:Nova.test.ErrorValidation@7bd7d6d6]" started-at="2025-05-18T18:17:37 IST" name="LoginErrorDetails" finished-at="2025-05-18T18:17:38 IST" duration-ms="524" status="PASS">
          <reporter-output>
          </reporter-output>
        </test-method> <!-- LoginErrorDetails -->
        <test-method is-config="true" signature="EndTest()[pri:0, instance:Nova.test.ErrorValidation@7bd7d6d6]" started-at="2025-05-18T18:17:38 IST" name="EndTest" finished-at="2025-05-18T18:17:38 IST" duration-ms="111" status="PASS">
          <reporter-output>
          </reporter-output>
        </test-method> <!-- EndTest -->
        <test-method is-config="true" signature="LaunchDriver()[pri:0, instance:Nova.test.ErrorValidation@7bd7d6d6]" started-at="2025-05-18T18:17:38 IST" name="LaunchDriver" finished-at="2025-05-18T18:17:39 IST" duration-ms="1447" status="PASS">
          <reporter-output>
          </reporter-output>
        </test-method> <!-- LaunchDriver -->
        <test-method signature="ProductErrorDetails()[pri:0, instance:Nova.test.ErrorValidation@7bd7d6d6]" started-at="2025-05-18T18:17:39 IST" name="ProductErrorDetails" finished-at="2025-05-18T18:17:43 IST" duration-ms="3208" status="PASS">
          <reporter-output>
          </reporter-output>
        </test-method> <!-- ProductErrorDetails -->
        <test-method is-config="true" signature="EndTest()[pri:0, instance:Nova.test.ErrorValidation@7bd7d6d6]" started-at="2025-05-18T18:17:43 IST" name="EndTest" finished-at="2025-05-18T18:17:43 IST" duration-ms="126" status="PASS">
          <reporter-output>
          </reporter-output>
        </test-method> <!-- EndTest -->
      </class> <!-- Nova.test.ErrorValidation -->
      <class name="Nova.test.StandAloneTest">
        <test-method is-config="true" signature="LaunchDriver()[pri:0, instance:Nova.test.StandAloneTest@50378a4]" started-at="2025-05-18T18:17:43 IST" name="LaunchDriver" finished-at="2025-05-18T18:17:45 IST" duration-ms="2234" status="PASS">
          <reporter-output>
          </reporter-output>
        </test-method> <!-- LaunchDriver -->
        <test-method signature="SubmitOrder(java.util.HashMap)[pri:0, instance:Nova.test.StandAloneTest@50378a4]" started-at="2025-05-18T18:17:45 IST" name="SubmitOrder" data-provider="GetData" finished-at="2025-05-18T18:17:50 IST" duration-ms="4256" status="PASS">
          <params>
            <param index="0">
              <value>
                <![CDATA[{item=ADIDAS ORIGINAL, email=dharanidhar220@gmail.com, Password=Ilovecricket@123}]]>
              </value>
            </param>
          </params>
          <reporter-output>
          </reporter-output>
        </test-method> <!-- SubmitOrder -->
        <test-method is-config="true" signature="EndTest()[pri:0, instance:Nova.test.StandAloneTest@50378a4]" started-at="2025-05-18T18:17:50 IST" name="EndTest" finished-at="2025-05-18T18:17:50 IST" duration-ms="93" status="PASS">
          <reporter-output>
          </reporter-output>
        </test-method> <!-- EndTest -->
        <test-method is-config="true" signature="LaunchDriver()[pri:0, instance:Nova.test.StandAloneTest@50378a4]" started-at="2025-05-18T18:17:50 IST" name="LaunchDriver" finished-at="2025-05-18T18:17:52 IST" duration-ms="2160" status="PASS">
          <reporter-output>
          </reporter-output>
        </test-method> <!-- LaunchDriver -->
        <test-method signature="SubmitOrder(java.util.HashMap)[pri:0, instance:Nova.test.StandAloneTest@50378a4]" started-at="2025-05-18T18:17:52 IST" name="SubmitOrder" data-provider="GetData" finished-at="2025-05-18T18:17:56 IST" duration-ms="4159" status="PASS">
          <params>
            <param index="0">
              <value>
                <![CDATA[{item=ZARA COAT 3, email=dharanidhar2211@gmail.com, Password=Ilovecricket@123}]]>
              </value>
            </param>
          </params>
          <reporter-output>
          </reporter-output>
        </test-method> <!-- SubmitOrder -->
        <test-method is-config="true" signature="EndTest()[pri:0, instance:Nova.test.StandAloneTest@50378a4]" started-at="2025-05-18T18:17:56 IST" name="EndTest" finished-at="2025-05-18T18:17:56 IST" duration-ms="82" status="PASS">
          <reporter-output>
          </reporter-output>
        </test-method> <!-- EndTest -->
        <test-method is-config="true" signature="LaunchDriver()[pri:0, instance:Nova.test.StandAloneTest@50378a4]" started-at="2025-05-18T18:17:56 IST" name="LaunchDriver" finished-at="2025-05-18T18:17:58 IST" duration-ms="1354" status="PASS">
          <reporter-output>
          </reporter-output>
        </test-method> <!-- LaunchDriver -->
        <test-method signature="OrderDetails()[pri:0, instance:Nova.test.StandAloneTest@50378a4]" started-at="2025-05-18T18:17:58 IST" name="OrderDetails" finished-at="2025-05-18T18:17:58 IST" depends-on-methods="Nova.test.StandAloneTest.SubmitOrder" duration-ms="820" status="PASS">
          <reporter-output>
          </reporter-output>
        </test-method> <!-- OrderDetails -->
        <test-method is-config="true" signature="EndTest()[pri:0, instance:Nova.test.StandAloneTest@50378a4]" started-at="2025-05-18T18:17:58 IST" name="EndTest" finished-at="2025-05-18T18:17:58 IST" duration-ms="101" status="PASS">
          <reporter-output>
          </reporter-output>
        </test-method> <!-- EndTest -->
      </class> <!-- Nova.test.StandAloneTest -->
    </test> <!-- Test -->
  </suite> <!-- Suite -->
</testng-results>
